<?xml version="1.0" encoding="UTF-8"?>
<testsuite xmlns:xsi="http://www.w3.org/2001/XMLSchema-instance" xsi:noNamespaceSchemaLocation="https://maven.apache.org/surefire/maven-surefire-plugin/xsd/surefire-test-report.xsd" name="com.courses.Spring1ApplicationTests" time="6.174" tests="1" errors="1" skipped="0" failures="0">
  <properties>
    <property name="sun.desktop" value="windows"/>
    <property name="awt.toolkit" value="sun.awt.windows.WToolkit"/>
    <property name="java.specification.version" value="11"/>
    <property name="sun.cpu.isalist" value="amd64"/>
    <property name="sun.jnu.encoding" value="Cp1252"/>
    <property name="java.class.path" value="C:\Users\NitinPawar\vsCode\Course-Testing-API\target\test-classes;C:\Users\NitinPawar\vsCode\Course-Testing-API\target\classes;C:\Users\NitinPawar\.m2\repository\org\springframework\boot\spring-boot-starter-web\2.4.4\spring-boot-starter-web-2.4.4.jar;C:\Users\NitinPawar\.m2\repository\org\springframework\boot\spring-boot-starter\2.4.4\spring-boot-starter-2.4.4.jar;C:\Users\NitinPawar\.m2\repository\org\springframework\boot\spring-boot-starter-logging\2.4.4\spring-boot-starter-logging-2.4.4.jar;C:\Users\NitinPawar\.m2\repository\ch\qos\logback\logback-classic\1.2.3\logback-classic-1.2.3.jar;C:\Users\NitinPawar\.m2\repository\ch\qos\logback\logback-core\1.2.3\logback-core-1.2.3.jar;C:\Users\NitinPawar\.m2\repository\org\apache\logging\log4j\log4j-to-slf4j\2.13.3\log4j-to-slf4j-2.13.3.jar;C:\Users\NitinPawar\.m2\repository\org\apache\logging\log4j\log4j-api\2.13.3\log4j-api-2.13.3.jar;C:\Users\NitinPawar\.m2\repository\org\slf4j\jul-to-slf4j\1.7.30\jul-to-slf4j-1.7.30.jar;C:\Users\NitinPawar\.m2\repository\jakarta\annotation\jakarta.annotation-api\1.3.5\jakarta.annotation-api-1.3.5.jar;C:\Users\NitinPawar\.m2\repository\org\yaml\snakeyaml\1.27\snakeyaml-1.27.jar;C:\Users\NitinPawar\.m2\repository\org\springframework\boot\spring-boot-starter-json\2.4.4\spring-boot-starter-json-2.4.4.jar;C:\Users\NitinPawar\.m2\repository\com\fasterxml\jackson\core\jackson-databind\2.11.4\jackson-databind-2.11.4.jar;C:\Users\NitinPawar\.m2\repository\com\fasterxml\jackson\core\jackson-annotations\2.11.4\jackson-annotations-2.11.4.jar;C:\Users\NitinPawar\.m2\repository\com\fasterxml\jackson\core\jackson-core\2.11.4\jackson-core-2.11.4.jar;C:\Users\NitinPawar\.m2\repository\com\fasterxml\jackson\datatype\jackson-datatype-jdk8\2.11.4\jackson-datatype-jdk8-2.11.4.jar;C:\Users\NitinPawar\.m2\repository\com\fasterxml\jackson\datatype\jackson-datatype-jsr310\2.11.4\jackson-datatype-jsr310-2.11.4.jar;C:\Users\NitinPawar\.m2\repository\com\fasterxml\jackson\module\jackson-module-parameter-names\2.11.4\jackson-module-parameter-names-2.11.4.jar;C:\Users\NitinPawar\.m2\repository\org\springframework\boot\spring-boot-starter-tomcat\2.4.4\spring-boot-starter-tomcat-2.4.4.jar;C:\Users\NitinPawar\.m2\repository\org\apache\tomcat\embed\tomcat-embed-core\9.0.44\tomcat-embed-core-9.0.44.jar;C:\Users\NitinPawar\.m2\repository\org\glassfish\jakarta.el\3.0.3\jakarta.el-3.0.3.jar;C:\Users\NitinPawar\.m2\repository\org\apache\tomcat\embed\tomcat-embed-websocket\9.0.44\tomcat-embed-websocket-9.0.44.jar;C:\Users\NitinPawar\.m2\repository\org\springframework\spring-web\5.3.5\spring-web-5.3.5.jar;C:\Users\NitinPawar\.m2\repository\org\springframework\spring-beans\5.3.5\spring-beans-5.3.5.jar;C:\Users\NitinPawar\.m2\repository\org\springframework\spring-webmvc\5.3.5\spring-webmvc-5.3.5.jar;C:\Users\NitinPawar\.m2\repository\org\springframework\spring-aop\5.3.5\spring-aop-5.3.5.jar;C:\Users\NitinPawar\.m2\repository\org\springframework\spring-context\5.3.5\spring-context-5.3.5.jar;C:\Users\NitinPawar\.m2\repository\org\springframework\spring-expression\5.3.5\spring-expression-5.3.5.jar;C:\Users\NitinPawar\.m2\repository\org\springframework\boot\spring-boot-devtools\2.4.4\spring-boot-devtools-2.4.4.jar;C:\Users\NitinPawar\.m2\repository\org\springframework\boot\spring-boot\2.4.4\spring-boot-2.4.4.jar;C:\Users\NitinPawar\.m2\repository\org\springframework\boot\spring-boot-autoconfigure\2.4.4\spring-boot-autoconfigure-2.4.4.jar;C:\Users\NitinPawar\.m2\repository\org\springframework\boot\spring-boot-starter-test\2.4.4\spring-boot-starter-test-2.4.4.jar;C:\Users\NitinPawar\.m2\repository\org\springframework\boot\spring-boot-test\2.4.4\spring-boot-test-2.4.4.jar;C:\Users\NitinPawar\.m2\repository\org\springframework\boot\spring-boot-test-autoconfigure\2.4.4\spring-boot-test-autoconfigure-2.4.4.jar;C:\Users\NitinPawar\.m2\repository\com\jayway\jsonpath\json-path\2.4.0\json-path-2.4.0.jar;C:\Users\NitinPawar\.m2\repository\net\minidev\json-smart\2.3\json-smart-2.3.jar;C:\Users\NitinPawar\.m2\repository\net\minidev\accessors-smart\1.2\accessors-smart-1.2.jar;C:\Users\NitinPawar\.m2\repository\org\ow2\asm\asm\5.0.4\asm-5.0.4.jar;C:\Users\NitinPawar\.m2\repository\org\slf4j\slf4j-api\1.7.30\slf4j-api-1.7.30.jar;C:\Users\NitinPawar\.m2\repository\jakarta\xml\bind\jakarta.xml.bind-api\2.3.3\jakarta.xml.bind-api-2.3.3.jar;C:\Users\NitinPawar\.m2\repository\jakarta\activation\jakarta.activation-api\1.2.2\jakarta.activation-api-1.2.2.jar;C:\Users\NitinPawar\.m2\repository\org\assertj\assertj-core\3.18.1\assertj-core-3.18.1.jar;C:\Users\NitinPawar\.m2\repository\org\hamcrest\hamcrest\2.2\hamcrest-2.2.jar;C:\Users\NitinPawar\.m2\repository\org\junit\jupiter\junit-jupiter\5.7.1\junit-jupiter-5.7.1.jar;C:\Users\NitinPawar\.m2\repository\org\junit\jupiter\junit-jupiter-params\5.7.1\junit-jupiter-params-5.7.1.jar;C:\Users\NitinPawar\.m2\repository\org\mockito\mockito-core\3.6.28\mockito-core-3.6.28.jar;C:\Users\NitinPawar\.m2\repository\net\bytebuddy\byte-buddy\1.10.22\byte-buddy-1.10.22.jar;C:\Users\NitinPawar\.m2\repository\net\bytebuddy\byte-buddy-agent\1.10.22\byte-buddy-agent-1.10.22.jar;C:\Users\NitinPawar\.m2\repository\org\objenesis\objenesis\3.1\objenesis-3.1.jar;C:\Users\NitinPawar\.m2\repository\org\mockito\mockito-junit-jupiter\3.6.28\mockito-junit-jupiter-3.6.28.jar;C:\Users\NitinPawar\.m2\repository\org\skyscreamer\jsonassert\1.5.0\jsonassert-1.5.0.jar;C:\Users\NitinPawar\.m2\repository\com\vaadin\external\google\android-json\0.0.20131108.vaadin1\android-json-0.0.20131108.vaadin1.jar;C:\Users\NitinPawar\.m2\repository\org\springframework\spring-core\5.3.5\spring-core-5.3.5.jar;C:\Users\NitinPawar\.m2\repository\org\springframework\spring-jcl\5.3.5\spring-jcl-5.3.5.jar;C:\Users\NitinPawar\.m2\repository\org\springframework\spring-test\5.3.5\spring-test-5.3.5.jar;C:\Users\NitinPawar\.m2\repository\org\xmlunit\xmlunit-core\2.7.0\xmlunit-core-2.7.0.jar;C:\Users\NitinPawar\.m2\repository\org\junit\jupiter\junit-jupiter-engine\5.7.1\junit-jupiter-engine-5.7.1.jar;C:\Users\NitinPawar\.m2\repository\org\apiguardian\apiguardian-api\1.1.0\apiguardian-api-1.1.0.jar;C:\Users\NitinPawar\.m2\repository\org\junit\platform\junit-platform-engine\1.7.1\junit-platform-engine-1.7.1.jar;C:\Users\NitinPawar\.m2\repository\org\opentest4j\opentest4j\1.2.0\opentest4j-1.2.0.jar;C:\Users\NitinPawar\.m2\repository\org\junit\platform\junit-platform-commons\1.7.1\junit-platform-commons-1.7.1.jar;C:\Users\NitinPawar\.m2\repository\org\junit\jupiter\junit-jupiter-api\5.7.1\junit-jupiter-api-5.7.1.jar;C:\Users\NitinPawar\.m2\repository\org\junit\vintage\junit-vintage-engine\5.7.1\junit-vintage-engine-5.7.1.jar;C:\Users\NitinPawar\.m2\repository\junit\junit\4.13.2\junit-4.13.2.jar;"/>
    <property name="java.vm.vendor" value="AdoptOpenJDK"/>
    <property name="sun.arch.data.model" value="64"/>
    <property name="user.variant" value=""/>
    <property name="java.vendor.url" value="https://adoptopenjdk.net/"/>
    <property name="user.timezone" value="Asia/Calcutta"/>
    <property name="java.vm.specification.version" value="11"/>
    <property name="os.name" value="Windows 10"/>
    <property name="sun.java.launcher" value="SUN_STANDARD"/>
    <property name="user.country" value="IN"/>
    <property name="sun.boot.library.path" value="C:\Program Files\AdoptOpenJDK\jdk-11.0.10.9-hotspot\bin"/>
    <property name="sun.java.command" value="C:\Users\NITINP~1\AppData\Local\Temp\surefire14974380365943555017\surefirebooter2476548881704953966.jar C:\Users\NitinPawar\AppData\Local\Temp\surefire14974380365943555017 2021-04-14T01-34-20_980-jvmRun1 surefire885712088232621920tmp surefire_010763832299463121181tmp"/>
    <property name="jdk.debug" value="release"/>
    <property name="surefire.test.class.path" value="C:\Users\NitinPawar\vsCode\Course-Testing-API\target\test-classes;C:\Users\NitinPawar\vsCode\Course-Testing-API\target\classes;C:\Users\NitinPawar\.m2\repository\org\springframework\boot\spring-boot-starter-web\2.4.4\spring-boot-starter-web-2.4.4.jar;C:\Users\NitinPawar\.m2\repository\org\springframework\boot\spring-boot-starter\2.4.4\spring-boot-starter-2.4.4.jar;C:\Users\NitinPawar\.m2\repository\org\springframework\boot\spring-boot-starter-logging\2.4.4\spring-boot-starter-logging-2.4.4.jar;C:\Users\NitinPawar\.m2\repository\ch\qos\logback\logback-classic\1.2.3\logback-classic-1.2.3.jar;C:\Users\NitinPawar\.m2\repository\ch\qos\logback\logback-core\1.2.3\logback-core-1.2.3.jar;C:\Users\NitinPawar\.m2\repository\org\apache\logging\log4j\log4j-to-slf4j\2.13.3\log4j-to-slf4j-2.13.3.jar;C:\Users\NitinPawar\.m2\repository\org\apache\logging\log4j\log4j-api\2.13.3\log4j-api-2.13.3.jar;C:\Users\NitinPawar\.m2\repository\org\slf4j\jul-to-slf4j\1.7.30\jul-to-slf4j-1.7.30.jar;C:\Users\NitinPawar\.m2\repository\jakarta\annotation\jakarta.annotation-api\1.3.5\jakarta.annotation-api-1.3.5.jar;C:\Users\NitinPawar\.m2\repository\org\yaml\snakeyaml\1.27\snakeyaml-1.27.jar;C:\Users\NitinPawar\.m2\repository\org\springframework\boot\spring-boot-starter-json\2.4.4\spring-boot-starter-json-2.4.4.jar;C:\Users\NitinPawar\.m2\repository\com\fasterxml\jackson\core\jackson-databind\2.11.4\jackson-databind-2.11.4.jar;C:\Users\NitinPawar\.m2\repository\com\fasterxml\jackson\core\jackson-annotations\2.11.4\jackson-annotations-2.11.4.jar;C:\Users\NitinPawar\.m2\repository\com\fasterxml\jackson\core\jackson-core\2.11.4\jackson-core-2.11.4.jar;C:\Users\NitinPawar\.m2\repository\com\fasterxml\jackson\datatype\jackson-datatype-jdk8\2.11.4\jackson-datatype-jdk8-2.11.4.jar;C:\Users\NitinPawar\.m2\repository\com\fasterxml\jackson\datatype\jackson-datatype-jsr310\2.11.4\jackson-datatype-jsr310-2.11.4.jar;C:\Users\NitinPawar\.m2\repository\com\fasterxml\jackson\module\jackson-module-parameter-names\2.11.4\jackson-module-parameter-names-2.11.4.jar;C:\Users\NitinPawar\.m2\repository\org\springframework\boot\spring-boot-starter-tomcat\2.4.4\spring-boot-starter-tomcat-2.4.4.jar;C:\Users\NitinPawar\.m2\repository\org\apache\tomcat\embed\tomcat-embed-core\9.0.44\tomcat-embed-core-9.0.44.jar;C:\Users\NitinPawar\.m2\repository\org\glassfish\jakarta.el\3.0.3\jakarta.el-3.0.3.jar;C:\Users\NitinPawar\.m2\repository\org\apache\tomcat\embed\tomcat-embed-websocket\9.0.44\tomcat-embed-websocket-9.0.44.jar;C:\Users\NitinPawar\.m2\repository\org\springframework\spring-web\5.3.5\spring-web-5.3.5.jar;C:\Users\NitinPawar\.m2\repository\org\springframework\spring-beans\5.3.5\spring-beans-5.3.5.jar;C:\Users\NitinPawar\.m2\repository\org\springframework\spring-webmvc\5.3.5\spring-webmvc-5.3.5.jar;C:\Users\NitinPawar\.m2\repository\org\springframework\spring-aop\5.3.5\spring-aop-5.3.5.jar;C:\Users\NitinPawar\.m2\repository\org\springframework\spring-context\5.3.5\spring-context-5.3.5.jar;C:\Users\NitinPawar\.m2\repository\org\springframework\spring-expression\5.3.5\spring-expression-5.3.5.jar;C:\Users\NitinPawar\.m2\repository\org\springframework\boot\spring-boot-devtools\2.4.4\spring-boot-devtools-2.4.4.jar;C:\Users\NitinPawar\.m2\repository\org\springframework\boot\spring-boot\2.4.4\spring-boot-2.4.4.jar;C:\Users\NitinPawar\.m2\repository\org\springframework\boot\spring-boot-autoconfigure\2.4.4\spring-boot-autoconfigure-2.4.4.jar;C:\Users\NitinPawar\.m2\repository\org\springframework\boot\spring-boot-starter-test\2.4.4\spring-boot-starter-test-2.4.4.jar;C:\Users\NitinPawar\.m2\repository\org\springframework\boot\spring-boot-test\2.4.4\spring-boot-test-2.4.4.jar;C:\Users\NitinPawar\.m2\repository\org\springframework\boot\spring-boot-test-autoconfigure\2.4.4\spring-boot-test-autoconfigure-2.4.4.jar;C:\Users\NitinPawar\.m2\repository\com\jayway\jsonpath\json-path\2.4.0\json-path-2.4.0.jar;C:\Users\NitinPawar\.m2\repository\net\minidev\json-smart\2.3\json-smart-2.3.jar;C:\Users\NitinPawar\.m2\repository\net\minidev\accessors-smart\1.2\accessors-smart-1.2.jar;C:\Users\NitinPawar\.m2\repository\org\ow2\asm\asm\5.0.4\asm-5.0.4.jar;C:\Users\NitinPawar\.m2\repository\org\slf4j\slf4j-api\1.7.30\slf4j-api-1.7.30.jar;C:\Users\NitinPawar\.m2\repository\jakarta\xml\bind\jakarta.xml.bind-api\2.3.3\jakarta.xml.bind-api-2.3.3.jar;C:\Users\NitinPawar\.m2\repository\jakarta\activation\jakarta.activation-api\1.2.2\jakarta.activation-api-1.2.2.jar;C:\Users\NitinPawar\.m2\repository\org\assertj\assertj-core\3.18.1\assertj-core-3.18.1.jar;C:\Users\NitinPawar\.m2\repository\org\hamcrest\hamcrest\2.2\hamcrest-2.2.jar;C:\Users\NitinPawar\.m2\repository\org\junit\jupiter\junit-jupiter\5.7.1\junit-jupiter-5.7.1.jar;C:\Users\NitinPawar\.m2\repository\org\junit\jupiter\junit-jupiter-params\5.7.1\junit-jupiter-params-5.7.1.jar;C:\Users\NitinPawar\.m2\repository\org\mockito\mockito-core\3.6.28\mockito-core-3.6.28.jar;C:\Users\NitinPawar\.m2\repository\net\bytebuddy\byte-buddy\1.10.22\byte-buddy-1.10.22.jar;C:\Users\NitinPawar\.m2\repository\net\bytebuddy\byte-buddy-agent\1.10.22\byte-buddy-agent-1.10.22.jar;C:\Users\NitinPawar\.m2\repository\org\objenesis\objenesis\3.1\objenesis-3.1.jar;C:\Users\NitinPawar\.m2\repository\org\mockito\mockito-junit-jupiter\3.6.28\mockito-junit-jupiter-3.6.28.jar;C:\Users\NitinPawar\.m2\repository\org\skyscreamer\jsonassert\1.5.0\jsonassert-1.5.0.jar;C:\Users\NitinPawar\.m2\repository\com\vaadin\external\google\android-json\0.0.20131108.vaadin1\android-json-0.0.20131108.vaadin1.jar;C:\Users\NitinPawar\.m2\repository\org\springframework\spring-core\5.3.5\spring-core-5.3.5.jar;C:\Users\NitinPawar\.m2\repository\org\springframework\spring-jcl\5.3.5\spring-jcl-5.3.5.jar;C:\Users\NitinPawar\.m2\repository\org\springframework\spring-test\5.3.5\spring-test-5.3.5.jar;C:\Users\NitinPawar\.m2\repository\org\xmlunit\xmlunit-core\2.7.0\xmlunit-core-2.7.0.jar;C:\Users\NitinPawar\.m2\repository\org\junit\jupiter\junit-jupiter-engine\5.7.1\junit-jupiter-engine-5.7.1.jar;C:\Users\NitinPawar\.m2\repository\org\apiguardian\apiguardian-api\1.1.0\apiguardian-api-1.1.0.jar;C:\Users\NitinPawar\.m2\repository\org\junit\platform\junit-platform-engine\1.7.1\junit-platform-engine-1.7.1.jar;C:\Users\NitinPawar\.m2\repository\org\opentest4j\opentest4j\1.2.0\opentest4j-1.2.0.jar;C:\Users\NitinPawar\.m2\repository\org\junit\platform\junit-platform-commons\1.7.1\junit-platform-commons-1.7.1.jar;C:\Users\NitinPawar\.m2\repository\org\junit\jupiter\junit-jupiter-api\5.7.1\junit-jupiter-api-5.7.1.jar;C:\Users\NitinPawar\.m2\repository\org\junit\vintage\junit-vintage-engine\5.7.1\junit-vintage-engine-5.7.1.jar;C:\Users\NitinPawar\.m2\repository\junit\junit\4.13.2\junit-4.13.2.jar;"/>
    <property name="sun.cpu.endian" value="little"/>
    <property name="user.home" value="C:\Users\NitinPawar"/>
    <property name="user.language" value="en"/>
    <property name="java.specification.vendor" value="Oracle Corporation"/>
    <property name="java.version.date" value="2021-01-19"/>
    <property name="java.home" value="C:\Program Files\AdoptOpenJDK\jdk-11.0.10.9-hotspot"/>
    <property name="file.separator" value="\"/>
    <property name="basedir" value="C:\Users\NitinPawar\vsCode\Course-Testing-API"/>
    <property name="java.vm.compressedOopsMode" value="32-bit"/>
    <property name="line.separator" value="&#10;"/>
    <property name="java.specification.name" value="Java Platform API Specification"/>
    <property name="java.vm.specification.vendor" value="Oracle Corporation"/>
    <property name="java.awt.graphicsenv" value="sun.awt.Win32GraphicsEnvironment"/>
    <property name="surefire.real.class.path" value="C:\Users\NITINP~1\AppData\Local\Temp\surefire14974380365943555017\surefirebooter2476548881704953966.jar"/>
    <property name="user.script" value=""/>
    <property name="sun.management.compiler" value="HotSpot 64-Bit Tiered Compilers"/>
    <property name="java.runtime.version" value="11.0.10+9"/>
    <property name="user.name" value="NitinPawar"/>
    <property name="path.separator" value=";"/>
    <property name="os.version" value="10.0"/>
    <property name="java.runtime.name" value="OpenJDK Runtime Environment"/>
    <property name="file.encoding" value="Cp1252"/>
    <property name="java.vm.name" value="OpenJDK 64-Bit Server VM"/>
    <property name="java.vendor.version" value="AdoptOpenJDK"/>
    <property name="localRepository" value="C:\Users\NitinPawar\.m2\repository"/>
    <property name="java.vendor.url.bug" value="https://github.com/AdoptOpenJDK/openjdk-support/issues"/>
    <property name="java.io.tmpdir" value="C:\Users\NITINP~1\AppData\Local\Temp\"/>
    <property name="java.version" value="11.0.10"/>
    <property name="user.dir" value="C:\Users\NitinPawar\vsCode\Course-Testing-API"/>
    <property name="os.arch" value="amd64"/>
    <property name="java.vm.specification.name" value="Java Virtual Machine Specification"/>
    <property name="java.awt.printerjob" value="sun.awt.windows.WPrinterJob"/>
    <property name="sun.os.patch.level" value=""/>
    <property name="java.library.path" value="C:\Program Files\AdoptOpenJDK\jdk-11.0.10.9-hotspot\bin;C:\WINDOWS\Sun\Java\bin;C:\WINDOWS\system32;C:\WINDOWS;C:\Program Files\Git\usr\local\bin;C:\Program Files\Git\bin;C:\Program Files\Java\jdk-11.0.2\bin;C:\Program Files\AdoptOpenJDK\jdk-11.0.10.9-hotspot\bin;C:\Program Files\Common Files\Oracle\Java\javapath;C:\bin\apache-maven-3.6.3\bin;C:\Windows\system32;C:\Windows;C:\Windows\System32\Wbem;C:\Windows\System32\WindowsPowerShell\v1.0\;C:\Program Files (x86)\NVIDIA Corporation\PhysX\Common;C:\WINDOWS\system32;C:\WINDOWS;C:\WINDOWS\System32\Wbem;C:\WINDOWS\System32\WindowsPowerShell\v1.0\;C:\WINDOWS\System32\OpenSSH\;C:\Program Files\MySQL\MySQL Shell 8.0\bin;C:\Program Files\dotnet\;C:\Program Files\nodejs\;C:\ProgramData\chocolatey\bin;C:\Program Files\Git\cmd;C:\HashiCorp\Vagrant\bin;C:\Program Files\MySQL\MySQL Shell 8.0\bin\;C:\bin\apache-maven-3.6.3\bin;C:\Users\NitinPawar\AppData\Local\Programs\Microsoft VS Code\bin;C:\Users\NitinPawar\.dotnet\tools;C:\Users\NitinPawar\AppData\Roaming\npm;C:\Users\NitinPawar\AppData\Local\Google\Cloud SDK\google-cloud-sdk\bin;."/>
    <property name="java.vm.info" value="mixed mode"/>
    <property name="java.vendor" value="AdoptOpenJDK"/>
    <property name="java.vm.version" value="11.0.10+9"/>
    <property name="sun.io.unicode.encoding" value="UnicodeLittle"/>
    <property name="java.class.version" value="55.0"/>
  </properties>
  <testcase name="test_case1" classname="com.courses.Spring1ApplicationTests" time="0.374">
    <error message="no protocol: /courses" type="java.net.MalformedURLException">java.net.MalformedURLException: no protocol: /courses
	at com.courses.Spring1ApplicationTests.test_case1(Spring1ApplicationTests.java:31)
</error>
    <system-out><![CDATA[01:34:22.800 [main] DEBUG org.springframework.test.context.BootstrapUtils - Instantiating CacheAwareContextLoaderDelegate from class [org.springframework.test.context.cache.DefaultCacheAwareContextLoaderDelegate]
01:34:22.834 [main] DEBUG org.springframework.test.context.BootstrapUtils - Instantiating BootstrapContext using constructor [public org.springframework.test.context.support.DefaultBootstrapContext(java.lang.Class,org.springframework.test.context.CacheAwareContextLoaderDelegate)]
01:34:22.941 [main] DEBUG org.springframework.test.context.BootstrapUtils - Instantiating TestContextBootstrapper for test class [com.courses.Spring1ApplicationTests] from class [org.springframework.boot.test.context.SpringBootTestContextBootstrapper]
01:34:22.973 [main] INFO org.springframework.boot.test.context.SpringBootTestContextBootstrapper - Neither @ContextConfiguration nor @ContextHierarchy found for test class [com.courses.Spring1ApplicationTests], using SpringBootContextLoader
01:34:22.984 [main] DEBUG org.springframework.test.context.support.AbstractContextLoader - Did not detect default resource location for test class [com.courses.Spring1ApplicationTests]: class path resource [com/courses/Spring1ApplicationTests-context.xml] does not exist
01:34:22.989 [main] DEBUG org.springframework.test.context.support.AbstractContextLoader - Did not detect default resource location for test class [com.courses.Spring1ApplicationTests]: class path resource [com/courses/Spring1ApplicationTestsContext.groovy] does not exist
01:34:22.989 [main] INFO org.springframework.test.context.support.AbstractContextLoader - Could not detect default resource locations for test class [com.courses.Spring1ApplicationTests]: no resource found for suffixes {-context.xml, Context.groovy}.
01:34:22.990 [main] INFO org.springframework.test.context.support.AnnotationConfigContextLoaderUtils - Could not detect default configuration classes for test class [com.courses.Spring1ApplicationTests]: Spring1ApplicationTests does not declare any static, non-private, non-final, nested classes annotated with @Configuration.
01:34:23.147 [main] DEBUG org.springframework.test.context.support.ActiveProfilesUtils - Could not find an 'annotation declaring class' for annotation type [org.springframework.test.context.ActiveProfiles] and class [com.courses.Spring1ApplicationTests]
01:34:23.317 [main] DEBUG org.springframework.context.annotation.ClassPathScanningCandidateComponentProvider - Identified candidate component class: file [C:\Users\NitinPawar\vsCode\Course-Testing-API\target\classes\com\courses\Spring1Application.class]
01:34:23.331 [main] INFO org.springframework.boot.test.context.SpringBootTestContextBootstrapper - Found @SpringBootConfiguration com.courses.Spring1Application for test class com.courses.Spring1ApplicationTests
01:34:23.581 [main] DEBUG org.springframework.boot.test.context.SpringBootTestContextBootstrapper - @TestExecutionListeners is not present for class [com.courses.Spring1ApplicationTests]: using defaults.
01:34:23.583 [main] INFO org.springframework.boot.test.context.SpringBootTestContextBootstrapper - Loaded default TestExecutionListener class names from location [META-INF/spring.factories]: [org.springframework.boot.test.mock.mockito.MockitoTestExecutionListener, org.springframework.boot.test.mock.mockito.ResetMocksTestExecutionListener, org.springframework.boot.test.autoconfigure.restdocs.RestDocsTestExecutionListener, org.springframework.boot.test.autoconfigure.web.client.MockRestServiceServerResetTestExecutionListener, org.springframework.boot.test.autoconfigure.web.servlet.MockMvcPrintOnlyOnFailureTestExecutionListener, org.springframework.boot.test.autoconfigure.web.servlet.WebDriverTestExecutionListener, org.springframework.boot.test.autoconfigure.webservices.client.MockWebServiceServerTestExecutionListener, org.springframework.test.context.web.ServletTestExecutionListener, org.springframework.test.context.support.DirtiesContextBeforeModesTestExecutionListener, org.springframework.test.context.event.ApplicationEventsTestExecutionListener, org.springframework.test.context.support.DependencyInjectionTestExecutionListener, org.springframework.test.context.support.DirtiesContextTestExecutionListener, org.springframework.test.context.transaction.TransactionalTestExecutionListener, org.springframework.test.context.jdbc.SqlScriptsTestExecutionListener, org.springframework.test.context.event.EventPublishingTestExecutionListener]
01:34:23.613 [main] DEBUG org.springframework.boot.test.context.SpringBootTestContextBootstrapper - Skipping candidate TestExecutionListener [org.springframework.test.context.transaction.TransactionalTestExecutionListener] due to a missing dependency. Specify custom listener classes or make the default listener classes and their required dependencies available. Offending class: [org/springframework/transaction/interceptor/TransactionAttributeSource]
01:34:23.615 [main] DEBUG org.springframework.boot.test.context.SpringBootTestContextBootstrapper - Skipping candidate TestExecutionListener [org.springframework.test.context.jdbc.SqlScriptsTestExecutionListener] due to a missing dependency. Specify custom listener classes or make the default listener classes and their required dependencies available. Offending class: [org/springframework/transaction/interceptor/TransactionAttribute]
01:34:23.615 [main] INFO org.springframework.boot.test.context.SpringBootTestContextBootstrapper - Using TestExecutionListeners: [org.springframework.test.context.web.ServletTestExecutionListener@463b4ac8, org.springframework.test.context.support.DirtiesContextBeforeModesTestExecutionListener@765f05af, org.springframework.test.context.event.ApplicationEventsTestExecutionListener@62f68dff, org.springframework.boot.test.mock.mockito.MockitoTestExecutionListener@f001896, org.springframework.boot.test.autoconfigure.SpringBootDependencyInjectionTestExecutionListener@13f17eb4, org.springframework.test.context.support.DirtiesContextTestExecutionListener@1d0d6318, org.springframework.test.context.event.EventPublishingTestExecutionListener@4bc28c33, org.springframework.boot.test.mock.mockito.ResetMocksTestExecutionListener@4409e975, org.springframework.boot.test.autoconfigure.restdocs.RestDocsTestExecutionListener@5c153b9e, org.springframework.boot.test.autoconfigure.web.client.MockRestServiceServerResetTestExecutionListener@2a7686a7, org.springframework.boot.test.autoconfigure.web.servlet.MockMvcPrintOnlyOnFailureTestExecutionListener@758a34ce, org.springframework.boot.test.autoconfigure.web.servlet.WebDriverTestExecutionListener@7ec3394b, org.springframework.boot.test.autoconfigure.webservices.client.MockWebServiceServerTestExecutionListener@bff34c6]
01:34:23.624 [main] DEBUG org.springframework.test.context.support.AbstractDirtiesContextTestExecutionListener - Before test class: context [DefaultTestContext@3543df7d testClass = Spring1ApplicationTests, testInstance = [null], testMethod = [null], testException = [null], mergedContextConfiguration = [WebMergedContextConfiguration@7c541c15 testClass = Spring1ApplicationTests, locations = '{}', classes = '{class com.courses.Spring1Application}', contextInitializerClasses = '[]', activeProfiles = '{}', propertySourceLocations = '{}', propertySourceProperties = '{org.springframework.boot.test.context.SpringBootTestContextBootstrapper=true}', contextCustomizers = set[[ImportsContextCustomizer@3542162a key = [org.springframework.boot.test.autoconfigure.web.servlet.MockMvcAutoConfiguration, org.springframework.boot.test.autoconfigure.web.servlet.MockMvcWebClientAutoConfiguration, org.springframework.boot.test.autoconfigure.web.servlet.MockMvcWebDriverAutoConfiguration, org.springframework.boot.autoconfigure.security.oauth2.client.servlet.OAuth2ClientAutoConfiguration, org.springframework.boot.autoconfigure.security.oauth2.resource.servlet.OAuth2ResourceServerAutoConfiguration, org.springframework.boot.autoconfigure.security.servlet.SecurityAutoConfiguration, org.springframework.boot.autoconfigure.security.servlet.SecurityFilterAutoConfiguration, org.springframework.boot.autoconfigure.security.servlet.UserDetailsServiceAutoConfiguration, org.springframework.boot.test.autoconfigure.web.servlet.MockMvcSecurityConfiguration]], org.springframework.boot.test.context.filter.ExcludeFilterContextCustomizer@7cb502c, org.springframework.boot.test.json.DuplicateJsonObjectContextCustomizerFactory$DuplicateJsonObjectContextCustomizer@4fbe37eb, org.springframework.boot.test.mock.mockito.MockitoContextCustomizer@0, org.springframework.boot.test.web.client.TestRestTemplateContextCustomizer@b83a9be, org.springframework.boot.test.autoconfigure.actuate.metrics.MetricsExportContextCustomizerFactory$DisableMetricExportContextCustomizer@5cdec700, org.springframework.boot.test.autoconfigure.properties.PropertyMappingContextCustomizer@4b3fa0b3, org.springframework.boot.test.autoconfigure.web.servlet.WebDriverContextCustomizerFactory$Customizer@3e6f3f28, org.springframework.boot.test.context.SpringBootTestArgs@1, org.springframework.boot.test.context.SpringBootTestWebEnvironment@1ddf84b8], resourceBasePath = 'src/main/webapp', contextLoader = 'org.springframework.boot.test.context.SpringBootContextLoader', parent = [null]], attributes = map['org.springframework.test.context.web.ServletTestExecutionListener.activateListener' -> true]], class annotated with @DirtiesContext [false] with mode [null].
01:34:23.736 [main] DEBUG org.springframework.test.context.support.TestPropertySourceUtils - Adding inlined properties to environment: {spring.jmx.enabled=false, org.springframework.boot.test.context.SpringBootTestContextBootstrapper=true}

  .   ____          _            __ _ _
 /\\ / ___'_ __ _ _(_)_ __  __ _ \ \ \ \
( ( )\___ | '_ | '_| | '_ \/ _` | \ \ \ \
 \\/  ___)| |_)| | | | | || (_| |  ) ) ) )
  '  |____| .__|_| |_|_| |_\__, | / / / /
 =========|_|==============|___/=/_/_/_/
 :: Spring Boot ::                (v2.4.4)

2021-04-14 01:34:24.580  INFO 8380 --- [           main] com.courses.Spring1ApplicationTests      : Starting Spring1ApplicationTests using Java 11.0.10 on Me with PID 8380 (started by NitinPawar in C:\Users\NitinPawar\vsCode\Course-Testing-API)
2021-04-14 01:34:24.584  INFO 8380 --- [           main] com.courses.Spring1ApplicationTests      : No active profile set, falling back to default profiles: default
2021-04-14 01:34:27.484  INFO 8380 --- [           main] o.s.s.concurrent.ThreadPoolTaskExecutor  : Initializing ExecutorService 'applicationTaskExecutor'
2021-04-14 01:34:28.111  INFO 8380 --- [           main] o.s.b.t.m.w.SpringBootMockServletContext : Initializing Spring TestDispatcherServlet ''
2021-04-14 01:34:28.111  INFO 8380 --- [           main] o.s.t.web.servlet.TestDispatcherServlet  : Initializing Servlet ''
2021-04-14 01:34:28.112  INFO 8380 --- [           main] o.s.t.web.servlet.TestDispatcherServlet  : Completed initialization in 1 ms
2021-04-14 01:34:28.159  INFO 8380 --- [           main] com.courses.Spring1ApplicationTests      : Started Spring1ApplicationTests in 4.402 seconds (JVM running for 6.438)
]]></system-out>
  </testcase>
</testsuite>